Line 28: Class PBKS_Net_ControlsCtl.BookfindGrid of control BookfindGrid1 was not a loaded control class.
Line 34: The property name Object.Visible in BookfindGrid1 is invalid.
Line 35: Property Enabled in BookfindGrid1 had an invalid value.
Line 36: The property name ForegroundColor in BookfindGrid1 is invalid.
Line 37: The property name BackgroundColor in BookfindGrid1 is invalid.
Line 38: The property name SearchArguments in BookfindGrid1 is invalid.
Line 39: The property name FirstRownumberToReturn in BookfindGrid1 is invalid.
Line 40: The property name Location in BookfindGrid1 is invalid.
Line 41: The property name Name in BookfindGrid1 is invalid.
Line 42: The property name Size in BookfindGrid1 is invalid.
Line 43: The property name Object.TabIndex in BookfindGrid1 is invalid.
Line 34: The property name Object.Visible in BookfindGrid1 is invalid.
Line 35: Property Enabled in BookfindGrid1 had an invalid value.
Line 36: The property name ForegroundColor in BookfindGrid1 is invalid.
Line 37: The property name BackgroundColor in BookfindGrid1 is invalid.
Line 38: The property name SearchArguments in BookfindGrid1 is invalid.
Line 39: The property name FirstRownumberToReturn in BookfindGrid1 is invalid.
Line 40: The property name Location in BookfindGrid1 is invalid.
Line 41: The property name Name in BookfindGrid1 is invalid.
Line 42: The property name Size in BookfindGrid1 is invalid.
Line 43: The property name Object.TabIndex in BookfindGrid1 is invalid.
